UncaughtException error:  TSError: тип Unable to compile TypeScript:
src/helpers/connectdb.ts(2,24): error TS2307: Cannot find module '../common/ormconfigtwo' or its corresponding type declarations.

    at createTSError (/app/node_modules/ts-node/src/index.ts:587:12)
    at reportTSError (/app/node_modules/ts-node/src/index.ts:591:19)
    at getOutput (/app/node_modules/ts-node/src/index.ts:921:36)
    at Object.compile (/app/node_modules/ts-node/src/index.ts:1189:32)
    at Module.m._compile (/app/node_modules/ts-node/src/index.ts:1295:42)
    at Module._extensions..js (internal/modules/cjs/loader.js:1097:10)
    at Object.require.extensions.<computed> [as .ts] (/app/node_modules/ts-node/src/index.ts:1298:12)
    at Module.load (internal/modules/cjs/loader.js:933:32)
    at Function.Module._load (internal/modules/cjs/loader.js:774:14)
    at Module.require (internal/modules/cjs/loader.js:957:19) 

UncaughtException error:  TSError: тип Unable to compile TypeScript:
src/helpers/connectdb.ts(2,10): error TS2724: '"../common/ormconfig"' has no exported member named 'config'. Did you mean 'configdb'?
src/helpers/connectdb.ts(2,10): error TS2724: '"../common/ormconfig"' has no exported member named 'config'. Did you mean 'configdb'?

    at createTSError (/app/node_modules/ts-node/src/index.ts:587:12)
    at reportTSError (/app/node_modules/ts-node/src/index.ts:591:19)
    at getOutput (/app/node_modules/ts-node/src/index.ts:921:36)
    at Object.compile (/app/node_modules/ts-node/src/index.ts:1189:32)
    at Module.m._compile (/app/node_modules/ts-node/src/index.ts:1295:42)
    at Module._extensions..js (internal/modules/cjs/loader.js:1097:10)
    at Object.require.extensions.<computed> [as .ts] (/app/node_modules/ts-node/src/index.ts:1298:12)
    at Module.load (internal/modules/cjs/loader.js:933:32)
    at Function.Module._load (internal/modules/cjs/loader.js:774:14)
    at Module.require (internal/modules/cjs/loader.js:957:19) 

UncaughtException error:  TSError: тип Unable to compile TypeScript:
src/helpers/connectdb.ts(2,10): error TS2724: '"../common/ormconfig"' has no exported member named 'config'. Did you mean 'configdb'?
src/helpers/connectdb.ts(2,10): error TS2724: '"../common/ormconfig"' has no exported member named 'config'. Did you mean 'configdb'?

    at createTSError (/app/node_modules/ts-node/src/index.ts:587:12)
    at reportTSError (/app/node_modules/ts-node/src/index.ts:591:19)
    at getOutput (/app/node_modules/ts-node/src/index.ts:921:36)
    at Object.compile (/app/node_modules/ts-node/src/index.ts:1189:32)
    at Module.m._compile (/app/node_modules/ts-node/src/index.ts:1295:42)
    at Module._extensions..js (internal/modules/cjs/loader.js:1097:10)
    at Object.require.extensions.<computed> [as .ts] (/app/node_modules/ts-node/src/index.ts:1298:12)
    at Module.load (internal/modules/cjs/loader.js:933:32)
    at Function.Module._load (internal/modules/cjs/loader.js:774:14)
    at Module.require (internal/modules/cjs/loader.js:957:19) 

UncaughtException error:  TSError: тип Unable to compile TypeScript:
src/helpers/connectdb.ts(2,10): error TS2724: '"../common/ormconfig"' has no exported member named 'config'. Did you mean 'configdb'?
src/helpers/connectdb.ts(2,10): error TS2724: '"../common/ormconfig"' has no exported member named 'config'. Did you mean 'configdb'?

    at createTSError (/app/node_modules/ts-node/src/index.ts:587:12)
    at reportTSError (/app/node_modules/ts-node/src/index.ts:591:19)
    at getOutput (/app/node_modules/ts-node/src/index.ts:921:36)
    at Object.compile (/app/node_modules/ts-node/src/index.ts:1189:32)
    at Module.m._compile (/app/node_modules/ts-node/src/index.ts:1295:42)
    at Module._extensions..js (internal/modules/cjs/loader.js:1097:10)
    at Object.require.extensions.<computed> [as .ts] (/app/node_modules/ts-node/src/index.ts:1298:12)
    at Module.load (internal/modules/cjs/loader.js:933:32)
    at Function.Module._load (internal/modules/cjs/loader.js:774:14)
    at Module.require (internal/modules/cjs/loader.js:957:19) 

UncaughtException error:  TSError: тип Unable to compile TypeScript:
src/helpers/connectdb.ts(2,10): error TS2724: '"../common/ormconfig"' has no exported member named 'config'. Did you mean 'configdb'?
src/helpers/connectdb.ts(2,10): error TS2724: '"../common/ormconfig"' has no exported member named 'config'. Did you mean 'configdb'?

    at createTSError (/app/node_modules/ts-node/src/index.ts:587:12)
    at reportTSError (/app/node_modules/ts-node/src/index.ts:591:19)
    at getOutput (/app/node_modules/ts-node/src/index.ts:921:36)
    at Object.compile (/app/node_modules/ts-node/src/index.ts:1189:32)
    at Module.m._compile (/app/node_modules/ts-node/src/index.ts:1295:42)
    at Module._extensions..js (internal/modules/cjs/loader.js:1097:10)
    at Object.require.extensions.<computed> [as .ts] (/app/node_modules/ts-node/src/index.ts:1298:12)
    at Module.load (internal/modules/cjs/loader.js:933:32)
    at Function.Module._load (internal/modules/cjs/loader.js:774:14)
    at Module.require (internal/modules/cjs/loader.js:957:19) 

UncaughtException error:  TSError: тип Unable to compile TypeScript:
src/helpers/connectdb.ts(2,10): error TS2724: '"../common/ormconfig"' has no exported member named 'config'. Did you mean 'configdb'?
src/helpers/connectdb.ts(2,10): error TS2724: '"../common/ormconfig"' has no exported member named 'config'. Did you mean 'configdb'?

    at createTSError (/app/node_modules/ts-node/src/index.ts:587:12)
    at reportTSError (/app/node_modules/ts-node/src/index.ts:591:19)
    at getOutput (/app/node_modules/ts-node/src/index.ts:921:36)
    at Object.compile (/app/node_modules/ts-node/src/index.ts:1189:32)
    at Module.m._compile (/app/node_modules/ts-node/src/index.ts:1295:42)
    at Module._extensions..js (internal/modules/cjs/loader.js:1097:10)
    at Object.require.extensions.<computed> [as .ts] (/app/node_modules/ts-node/src/index.ts:1298:12)
    at Module.load (internal/modules/cjs/loader.js:933:32)
    at Function.Module._load (internal/modules/cjs/loader.js:774:14)
    at Module.require (internal/modules/cjs/loader.js:957:19) 

UncaughtException error:  TSError: тип Unable to compile TypeScript:
src/helpers/connectdb.ts(2,10): error TS2724: '"../common/ormconfig"' has no exported member named 'config'. Did you mean 'configdb'?
src/helpers/connectdb.ts(2,10): error TS2724: '"../common/ormconfig"' has no exported member named 'config'. Did you mean 'configdb'?

    at createTSError (/app/node_modules/ts-node/src/index.ts:587:12)
    at reportTSError (/app/node_modules/ts-node/src/index.ts:591:19)
    at getOutput (/app/node_modules/ts-node/src/index.ts:921:36)
    at Object.compile (/app/node_modules/ts-node/src/index.ts:1189:32)
    at Module.m._compile (/app/node_modules/ts-node/src/index.ts:1295:42)
    at Module._extensions..js (internal/modules/cjs/loader.js:1097:10)
    at Object.require.extensions.<computed> [as .ts] (/app/node_modules/ts-node/src/index.ts:1298:12)
    at Module.load (internal/modules/cjs/loader.js:933:32)
    at Function.Module._load (internal/modules/cjs/loader.js:774:14)
    at Module.require (internal/modules/cjs/loader.js:957:19) 

UncaughtException error:  TSError: тип Unable to compile TypeScript:
src/helpers/connectdb.ts(2,10): error TS2724: '"../common/ormconfig"' has no exported member named 'config'. Did you mean 'configdb'?
src/helpers/connectdb.ts(2,10): error TS2724: '"../common/ormconfig"' has no exported member named 'config'. Did you mean 'configdb'?

    at createTSError (/app/node_modules/ts-node/src/index.ts:587:12)
    at reportTSError (/app/node_modules/ts-node/src/index.ts:591:19)
    at getOutput (/app/node_modules/ts-node/src/index.ts:921:36)
    at Object.compile (/app/node_modules/ts-node/src/index.ts:1189:32)
    at Module.m._compile (/app/node_modules/ts-node/src/index.ts:1295:42)
    at Module._extensions..js (internal/modules/cjs/loader.js:1097:10)
    at Object.require.extensions.<computed> [as .ts] (/app/node_modules/ts-node/src/index.ts:1298:12)
    at Module.load (internal/modules/cjs/loader.js:933:32)
    at Function.Module._load (internal/modules/cjs/loader.js:774:14)
    at Module.require (internal/modules/cjs/loader.js:957:19) 

UncaughtException error:  TSError: тип Unable to compile TypeScript:
src/helpers/connectdb.ts(2,10): error TS2724: '"../common/ormconfig"' has no exported member named 'config'. Did you mean 'configdb'?
src/helpers/connectdb.ts(2,10): error TS2724: '"../common/ormconfig"' has no exported member named 'config'. Did you mean 'configdb'?

    at createTSError (/app/node_modules/ts-node/src/index.ts:587:12)
    at reportTSError (/app/node_modules/ts-node/src/index.ts:591:19)
    at getOutput (/app/node_modules/ts-node/src/index.ts:921:36)
    at Object.compile (/app/node_modules/ts-node/src/index.ts:1189:32)
    at Module.m._compile (/app/node_modules/ts-node/src/index.ts:1295:42)
    at Module._extensions..js (internal/modules/cjs/loader.js:1097:10)
    at Object.require.extensions.<computed> [as .ts] (/app/node_modules/ts-node/src/index.ts:1298:12)
    at Module.load (internal/modules/cjs/loader.js:933:32)
    at Function.Module._load (internal/modules/cjs/loader.js:774:14)
    at Module.require (internal/modules/cjs/loader.js:957:19) 

UncaughtException error:  TSError: тип Unable to compile TypeScript:
src/helpers/connectdb.ts(2,10): error TS2724: '"../common/ormconfig"' has no exported member named 'config'. Did you mean 'configdb'?
src/helpers/connectdb.ts(2,10): error TS2724: '"../common/ormconfig"' has no exported member named 'config'. Did you mean 'configdb'?

    at createTSError (/app/node_modules/ts-node/src/index.ts:587:12)
    at reportTSError (/app/node_modules/ts-node/src/index.ts:591:19)
    at getOutput (/app/node_modules/ts-node/src/index.ts:921:36)
    at Object.compile (/app/node_modules/ts-node/src/index.ts:1189:32)
    at Module.m._compile (/app/node_modules/ts-node/src/index.ts:1295:42)
    at Module._extensions..js (internal/modules/cjs/loader.js:1097:10)
    at Object.require.extensions.<computed> [as .ts] (/app/node_modules/ts-node/src/index.ts:1298:12)
    at Module.load (internal/modules/cjs/loader.js:933:32)
    at Function.Module._load (internal/modules/cjs/loader.js:774:14)
    at Module.require (internal/modules/cjs/loader.js:957:19) 

UncaughtException error:  TSError: тип Unable to compile TypeScript:
[96msrc/helpers/connectdb.ts[0m:[93m2[0m:[93m10[0m - [91merror[0m[90m TS2724: [0m'"../common/ormconfig"' has no exported member named 'config'. Did you mean 'configdb'?

[7m2[0m import { config } from "../common/ormconfig";
[7m [0m [91m         ~~~~~~[0m

  [96msrc/common/ormconfig.ts[0m:[93m11[0m:[93m14[0m
    [7m11[0m export const configdb: ConnectionOptions = {
    [7m  [0m [96m             ~~~~~~~~[0m
    'configdb' is declared here.
[96msrc/helpers/connectdb.ts[0m:[93m2[0m:[93m10[0m - [91merror[0m[90m TS2724: [0m'"../common/ormconfig"' has no exported member named 'config'. Did you mean 'configdb'?

[7m2[0m import { config } from "../common/ormconfig";
[7m [0m [91m         ~~~~~~[0m

  [96msrc/common/ormconfig.ts[0m:[93m11[0m:[93m14[0m
    [7m11[0m export const configdb: ConnectionOptions = {
    [7m  [0m [96m             ~~~~~~~~[0m
    'configdb' is declared here.

    at createTSError (D:\WorkJS\RS_School_Course_NodeJS2021\node_modules\ts-node\src\index.ts:587:12)
    at reportTSError (D:\WorkJS\RS_School_Course_NodeJS2021\node_modules\ts-node\src\index.ts:591:19)
    at getOutput (D:\WorkJS\RS_School_Course_NodeJS2021\node_modules\ts-node\src\index.ts:921:36)
    at Object.compile (D:\WorkJS\RS_School_Course_NodeJS2021\node_modules\ts-node\src\index.ts:1189:32)
    at Module.m._compile (D:\WorkJS\RS_School_Course_NodeJS2021\node_modules\ts-node\src\index.ts:1295:42)
    at Module._extensions..js (internal/modules/cjs/loader.js:1092:10)
    at Object.require.extensions.<computed> [as .ts] (D:\WorkJS\RS_School_Course_NodeJS2021\node_modules\ts-node\src\index.ts:1298:12)
    at Module.load (internal/modules/cjs/loader.js:928:32)
    at Function.Module._load (internal/modules/cjs/loader.js:769:14)
    at Module.require (internal/modules/cjs/loader.js:952:19) 

UncaughtException error:  TSError: тип Unable to compile TypeScript:
src/helpers/connectdb.ts(2,10): error TS2724: '"../common/ormconfig"' has no exported member named 'config'. Did you mean 'configdb'?
src/helpers/connectdb.ts(2,10): error TS2724: '"../common/ormconfig"' has no exported member named 'config'. Did you mean 'configdb'?

    at createTSError (/app/node_modules/ts-node/src/index.ts:587:12)
    at reportTSError (/app/node_modules/ts-node/src/index.ts:591:19)
    at getOutput (/app/node_modules/ts-node/src/index.ts:921:36)
    at Object.compile (/app/node_modules/ts-node/src/index.ts:1189:32)
    at Module.m._compile (/app/node_modules/ts-node/src/index.ts:1295:42)
    at Module._extensions..js (internal/modules/cjs/loader.js:1097:10)
    at Object.require.extensions.<computed> [as .ts] (/app/node_modules/ts-node/src/index.ts:1298:12)
    at Module.load (internal/modules/cjs/loader.js:933:32)
    at Function.Module._load (internal/modules/cjs/loader.js:774:14)
    at Module.require (internal/modules/cjs/loader.js:957:19) 

UncaughtException error:  Error: listen EADDRINUSE: address already in use :::4000
    at Server.setupListenHandle [as _listen2] (net.js:1318:16)
    at listenInCluster (net.js:1366:12)
    at Server.listen (net.js:1452:7)
    at Function.listen (D:\WorkJS\RS_School_Course_NodeJS2021\node_modules\express\lib\application.js:618:24)
    at D:\WorkJS\RS_School_Course_NodeJS2021\src\server.ts:9:7
    at processTicksAndRejections (internal/process/task_queues.js:93:5) 

UncaughtException error:  Error: listen EADDRINUSE: address already in use :::4000
    at Server.setupListenHandle [as _listen2] (net.js:1318:16)
    at listenInCluster (net.js:1366:12)
    at Server.listen (net.js:1452:7)
    at Function.listen (D:\WorkJS\RS_School_Course_NodeJS2021\node_modules\express\lib\application.js:618:24)
    at D:\WorkJS\RS_School_Course_NodeJS2021\src\server.ts:9:7
    at processTicksAndRejections (internal/process/task_queues.js:93:5) 

Unhandled rejection detected:  QueryFailedError: null value in column "lastname" of relation "users" violates not-null constraint
    at new QueryFailedError (D:\WorkJS\RS_School_Course_NodeJS2021\src\error\QueryFailedError.ts:11:9)
    at PostgresQueryRunner.<anonymous> (D:\WorkJS\RS_School_Course_NodeJS2021\src\driver\postgres\PostgresQueryRunner.ts:228:19)
    at step (D:\WorkJS\RS_School_Course_NodeJS2021\node_modules\typeorm\node_modules\tslib\tslib.js:143:27)
    at Object.throw (D:\WorkJS\RS_School_Course_NodeJS2021\node_modules\typeorm\node_modules\tslib\tslib.js:124:57)
    at rejected (D:\WorkJS\RS_School_Course_NodeJS2021\node_modules\typeorm\node_modules\tslib\tslib.js:115:69)
    at processTicksAndRejections (internal/process/task_queues.js:93:5) 

Unhandled rejection detected:  QueryFailedError: relation "users" does not exist
    at new QueryFailedError (D:\WorkJS\RS_School_Course_NodeJS2021\src\error\QueryFailedError.ts:11:9)
    at PostgresQueryRunner.<anonymous> (D:\WorkJS\RS_School_Course_NodeJS2021\src\driver\postgres\PostgresQueryRunner.ts:228:19)
    at step (D:\WorkJS\RS_School_Course_NodeJS2021\node_modules\typeorm\node_modules\tslib\tslib.js:143:27)
    at Object.throw (D:\WorkJS\RS_School_Course_NodeJS2021\node_modules\typeorm\node_modules\tslib\tslib.js:124:57)
    at rejected (D:\WorkJS\RS_School_Course_NodeJS2021\node_modules\typeorm\node_modules\tslib\tslib.js:115:69)
    at processTicksAndRejections (internal/process/task_queues.js:93:5) 

Unhandled rejection detected:  QueryFailedError: relation "users" does not exist
    at new QueryFailedError (D:\WorkJS\RS_School_Course_NodeJS2021\src\error\QueryFailedError.ts:11:9)
    at PostgresQueryRunner.<anonymous> (D:\WorkJS\RS_School_Course_NodeJS2021\src\driver\postgres\PostgresQueryRunner.ts:228:19)
    at step (D:\WorkJS\RS_School_Course_NodeJS2021\node_modules\typeorm\node_modules\tslib\tslib.js:143:27)
    at Object.throw (D:\WorkJS\RS_School_Course_NodeJS2021\node_modules\typeorm\node_modules\tslib\tslib.js:124:57)
    at rejected (D:\WorkJS\RS_School_Course_NodeJS2021\node_modules\typeorm\node_modules\tslib\tslib.js:115:69)
    at processTicksAndRejections (internal/process/task_queues.js:93:5) 

